needDeal/vzvision_12_13/app/build/outputs/logs/manifest-merger-debug-report.txt
-- Merging decision tree log ---
manifest
ADDED from src\main\AndroidManifest.xml:2:1-75:12
	package
		ADDED from src\main\AndroidManifest.xml:3:5-35
		INJECTED from src\main\AndroidManifest.xml
		INJECTED from src\main\AndroidManifest.xml
	android:versionName
		ADDED from src\main\AndroidManifest.xml:5:5-30
		INJECTED from src\main\AndroidManifest.xml
		INJECTED from src\main\AndroidManifest.xml
	android:versionCode
		ADDED from src\main\AndroidManifest.xml:4:5-28
		INJECTED from src\main\AndroidManifest.xml
		INJECTED from src\main\AndroidManifest.xml
	xmlns:android
		ADDED from src\main\AndroidManifest.xml:2:11-69
uses-sdk
ADDED from src\main\AndroidManifest.xml:7:5-9:41
MERGED from [com.android.support:appcompat-v7:18.0.0] AndroidManifest.xml:18:5-42
MERGED from [com.android.support:gridlayout-v7:18.0.0] AndroidManifest.xml:18:5-42
	android:targetSdkVersion
		ADDED from src\main\AndroidManifest.xml:9:9-38
		INJECTED from src\main\AndroidManifest.xml
		INJECTED from src\main\AndroidManifest.xml
	android:minSdkVersion
		ADDED from src\main\AndroidManifest.xml:8:9-35
		INJECTED from src\main\AndroidManifest.xml
		INJECTED from src\main\AndroidManifest.xml
application
ADDED from src\main\AndroidManifest.xml:11:5-60:19
MERGED from [com.android.support:appcompat-v7:18.0.0] AndroidManifest.xml:19:5-20
MERGED from [com.android.support:gridlayout-v7:18.0.0] AndroidManifest.xml:19:5-20
	android:label
		ADDED from src\main\AndroidManifest.xml:15:9-41
	android:allowBackup
		ADDED from src\main\AndroidManifest.xml:13:9-35
	android:icon
		ADDED from src\main\AndroidManifest.xml:14:9-42
	android:theme
		ADDED from src\main\AndroidManifest.xml:16:9-56
	android:name
		ADDED from src\main\AndroidManifest.xml:12:9-39
activity#com.example.vzvision.MainActivity
ADDED from src\main\AndroidManifest.xml:17:9-26:20
	android:label
		ADDED from src\main\AndroidManifest.xml:20:13-45
	android:configChanges
		ADDED from src\main\AndroidManifest.xml:19:13-74
	android:name
		ADDED from src\main\AndroidManifest.xml:18:13-41
intent-filter#android.intent.action.MAIN+android.intent.category.LAUNCHER
ADDED from src\main\AndroidManifest.xml:21:13-25:29
action#android.intent.action.MAIN
ADDED from src\main\AndroidManifest.xml:22:17-69
	android:name
		ADDED from src\main\AndroidManifest.xml:22:25-66
category#android.intent.category.LAUNCHER
ADDED from src\main\AndroidManifest.xml:24:17-77
	android:name
		ADDED from src\main\AndroidManifest.xml:24:27-74
activity#com.example.vzvision.SurfaceActivity
ADDED from src\main\AndroidManifest.xml:27:9-30:20
	android:label
		ADDED from src\main\AndroidManifest.xml:29:13-59
	android:name
		ADDED from src\main\AndroidManifest.xml:28:13-44
activity#com.example.vzvision.PlateActivity
ADDED from src\main\AndroidManifest.xml:31:9-34:20
	android:label
		ADDED from src\main\AndroidManifest.xml:33:13-57
	android:name
		ADDED from src\main\AndroidManifest.xml:32:13-42
activity#com.example.vzvision.WlistActivity
ADDED from src\main\AndroidManifest.xml:35:9-38:20
	android:label
		ADDED from src\main\AndroidManifest.xml:37:13-57
	android:name
		ADDED from src\main\AndroidManifest.xml:36:13-42
activity#com.example.vzvision.DeviceActivity
ADDED from src\main\AndroidManifest.xml:39:9-43:20
	android:screenOrientation
		ADDED from src\main\AndroidManifest.xml:42:13-49
	android:label
		ADDED from src\main\AndroidManifest.xml:41:13-58
	android:name
		ADDED from src\main\AndroidManifest.xml:40:13-43
activity#com.example.vzvision.VideoConfigActivity
ADDED from src\main\AndroidManifest.xml:44:9-47:20
	android:label
		ADDED from src\main\AndroidManifest.xml:46:13-64
	android:name
		ADDED from src\main\AndroidManifest.xml:45:13-48
activity#com.example.vzvision.SnapImageActivity
ADDED from src\main\AndroidManifest.xml:48:9-51:20
	android:label
		ADDED from src\main\AndroidManifest.xml:50:13-62
	android:name
		ADDED from src\main\AndroidManifest.xml:49:13-46
activity#com.example.vzvision.WListEditActivity
ADDED from src\main\AndroidManifest.xml:52:9-55:20
	android:label
		ADDED from src\main\AndroidManifest.xml:54:13-62
	android:name
		ADDED from src\main\AndroidManifest.xml:53:13-46
activity#com.example.vzvision.AboutActivity
ADDED from src\main\AndroidManifest.xml:56:9-59:20
	android:label
		ADDED from src\main\AndroidManifest.xml:58:13-57
	android:name
		ADDED from src\main\AndroidManifest.xml:57:13-42
uses-permission#android.permission.INTERNET
ADDED from src\main\AndroidManifest.xml:62:5-67
	android:name
		ADDED from src\main\AndroidManifest.xml:62:22-64
uses-permission#android.permission.ACCESS_NETWORK_STATE
ADDED from src\main\AndroidManifest.xml:63:5-79
	android:name
		ADDED from src\main\AndroidManifest.xml:63:22-76
uses-permission#android.permission.WRITE_EXTERNAL_STORAGE
ADDED from src\main\AndroidManifest.xml:64:5-81
	android:name
		ADDED from src\main\AndroidManifest.xml:64:22-78
uses-permission#android.permission.ACCESS_WIFI_STATE
ADDED from src\main\AndroidManifest.xml:65:5-76
	android:name
		ADDED from src\main\AndroidManifest.xml:65:22-73
uses-permission#android.permission.CHANGE_WIFI_STATE
ADDED from src\main\AndroidManifest.xml:66:5-76
	android:name
		ADDED from src\main\AndroidManifest.xml:66:22-73
uses-permission#android.permission.CHANGE_CONFIGURATION
ADDED from src\main\AndroidManifest.xml:67:5-79
	android:name
		ADDED from src\main\AndroidManifest.xml:67:22-76